
*** Running vivado
    with args -log Nunchuck.vdi -applog -m64 -messageDb vivado.pb -mode batch -source Nunchuck.tcl -notrace


****** Vivado v2014.2 (64-bit)
  **** SW Build 932637 on Wed Jun 11 13:33:10 MDT 2014
  **** IP Build 924643 on Fri May 30 09:20:16 MDT 2014
    ** Copyright 1986-2014 Xilinx, Inc. All Rights Reserved.

source Nunchuck.tcl -notrace
Design is defaulting to srcset: sources_1
Design is defaulting to constrset: constrs_1
INFO: [Netlist 29-17] Analyzing 30 Unisim elements for replacement
INFO: [Netlist 29-28] Unisim Transformation completed in 0 CPU seconds
INFO: [Project 1-479] Netlist was created with Vivado 2014.2
Loading clock regions from C:/Xilinx/Vivado/2014.2/data\parts/xilinx/zynq/zynq/xc7z020/ClockRegion.xml
Loading clock buffers from C:/Xilinx/Vivado/2014.2/data\parts/xilinx/zynq/zynq/xc7z020/ClockBuffers.xml
Loading clock placement rules from C:/Xilinx/Vivado/2014.2/data/parts/xilinx/zynq/ClockPlacerRules.xml
Loading package pin functions from C:/Xilinx/Vivado/2014.2/data\parts/xilinx/zynq/PinFunctions.xml...
Loading package from C:/Xilinx/Vivado/2014.2/data\parts/xilinx/zynq/zynq/xc7z020/clg484/Package.xml
Loading io standards from C:/Xilinx/Vivado/2014.2/data\./parts/xilinx/zynq/IOStandards.xml
INFO: [Opt 31-140] Inserted 0 IBUFs to IO ports without IO buffers.
INFO: [Opt 31-141] Inserted 0 OBUFs to IO ports without IO buffers.
Parsing XDC File [Z:/Option ISIA/Wang-Smith/Nunchuck/Nunchuck.srcs/constrs_1/new/constraints.xdc]
Finished Parsing XDC File [Z:/Option ISIA/Wang-Smith/Nunchuck/Nunchuck.srcs/constrs_1/new/constraints.xdc]
INFO: [Opt 31-138] Pushed 0 inverter(s) to 0 load pin(s).
INFO: [Project 1-111] Unisim Transformation Summary:
  A total of 1 instances were transformed.
  IOBUF => IOBUF (IBUF, OBUFT): 1 instances

link_design: Time (s): cpu = 00:00:05 ; elapsed = 00:00:06 . Memory (MB): peak = 455.586 ; gain = 272.090
Command: opt_design
Attempting to get a license for feature 'Implementation' and/or device 'xc7z020'
INFO: [Common 17-349] Got license for feature 'Implementation' and/or device 'xc7z020'
Running DRC as a precondition to command opt_design

Starting DRC Task
INFO: [Drc 23-27] Running DRC with 2 threads
INFO: [Project 1-461] DRC finished with 0 Errors
INFO: [Project 1-462] Please refer to the DRC report (report_drc) for more information.

Time (s): cpu = 00:00:00 ; elapsed = 00:00:00.093 . Memory (MB): peak = 456.770 ; gain = 1.184
INFO: [Timing 38-35] Done setting XDC timing constraints.

Starting Logic Optimization Task

Phase 1 Retarget

INFO: [Opt 31-138] Pushed 0 inverter(s) to 0 load pin(s).
INFO: [Opt 31-49] Retargeted 0 cell(s).
Phase 1 Retarget | Checksum: 1c86ff16c

Time (s): cpu = 00:00:00 ; elapsed = 00:00:00.032 . Memory (MB): peak = 873.715 ; gain = 0.000

Phase 2 Constant Propagation
INFO: [Opt 31-138] Pushed 0 inverter(s) to 0 load pin(s).
INFO: [Opt 31-10] Eliminated 99 cells.
Phase 2 Constant Propagation | Checksum: 18539e34f

Time (s): cpu = 00:00:00 ; elapsed = 00:00:00.078 . Memory (MB): peak = 873.715 ; gain = 0.000

Phase 3 Sweep
INFO: [Opt 31-12] Eliminated 176 unconnected nets.
INFO: [Opt 31-140] Inserted 0 IBUFs to IO ports without IO buffers.
INFO: [Opt 31-141] Inserted 0 OBUFs to IO ports without IO buffers.
INFO: [Opt 31-11] Eliminated 0 unconnected cells.
Phase 3 Sweep | Checksum: e0be09bf

Time (s): cpu = 00:00:00 ; elapsed = 00:00:00.110 . Memory (MB): peak = 873.715 ; gain = 0.000
Ending Logic Optimization Task | Checksum: e0be09bf

Time (s): cpu = 00:00:00 ; elapsed = 00:00:00.110 . Memory (MB): peak = 873.715 ; gain = 0.000
Implement Debug Cores | Checksum: f5491f6c
Logic Optimization | Checksum: f5491f6c

Starting Power Optimization Task
INFO: [Pwropt 34-132] Will skip clock gating for clocks with period < 3.13 ns.
Ending Power Optimization Task | Checksum: e0be09bf

Time (s): cpu = 00:00:00 ; elapsed = 00:00:00 . Memory (MB): peak = 873.715 ; gain = 0.000
INFO: [Common 17-83] Releasing license: Implementation
22 Infos, 0 Warnings, 0 Critical Warnings and 0 Errors encountered.
opt_design completed successfully
opt_design: Time (s): cpu = 00:00:14 ; elapsed = 00:00:15 . Memory (MB): peak = 873.715 ; gain = 418.129
Writing XDEF routing.
Writing XDEF routing logical nets.
Writing XDEF routing special nets.
Write XDEF Complete: Time (s): cpu = 00:00:00 ; elapsed = 00:00:00.202 . Memory (MB): peak = 873.715 ; gain = 0.000
Command: place_design
Attempting to get a license for feature 'Implementation' and/or device 'xc7z020'
INFO: [Common 17-349] Got license for feature 'Implementation' and/or device 'xc7z020'
Running DRC as a precondition to command place_design
INFO: [Drc 23-27] Running DRC with 2 threads
INFO: [Vivado_Tcl 4-198] DRC finished with 0 Errors
INFO: [Vivado_Tcl 4-199] Please refer to the DRC report (report_drc) for more information.

Starting Placer Task
INFO: [Place 30-611] Multithreading enabled for place_design using a maximum of 2 CPUs

Phase 1 Placer Runtime Estimator
Phase 1 Placer Runtime Estimator | Checksum: ce9916aa

Time (s): cpu = 00:00:00 ; elapsed = 00:00:00.031 . Memory (MB): peak = 873.715 ; gain = 0.000

Phase 2 Placer Initialization

Phase 2.1 Placer Initialization Core
Netlist sorting complete. Time (s): cpu = 00:00:00 ; elapsed = 00:00:00 . Memory (MB): peak = 873.715 ; gain = 0.000

Phase 2.1.1 Mandatory Logic Optimization
Netlist sorting complete. Time (s): cpu = 00:00:00 ; elapsed = 00:00:00 . Memory (MB): peak = 873.715 ; gain = 0.000
Phase 2.1.1 Mandatory Logic Optimization | Checksum: 6c06e94b

Time (s): cpu = 00:00:00 ; elapsed = 00:00:00.047 . Memory (MB): peak = 873.715 ; gain = 0.000

Phase 2.1.2 Build Super Logic Region (SLR) Database
Phase 2.1.2 Build Super Logic Region (SLR) Database | Checksum: 6c06e94b

Time (s): cpu = 00:00:00 ; elapsed = 00:00:00.062 . Memory (MB): peak = 873.715 ; gain = 0.000

Phase 2.1.3 Add Constraints
Phase 2.1.3 Add Constraints | Checksum: 6c06e94b

Time (s): cpu = 00:00:00 ; elapsed = 00:00:00.062 . Memory (MB): peak = 873.715 ; gain = 0.000

Phase 2.1.4 Build Shapes/ HD Config

Phase 2.1.4.1 Build Macros
Phase 2.1.4.1 Build Macros | Checksum: d21edfd9

Time (s): cpu = 00:00:00 ; elapsed = 00:00:00.125 . Memory (MB): peak = 873.715 ; gain = 0.000
Phase 2.1.4 Build Shapes/ HD Config | Checksum: d21edfd9

Time (s): cpu = 00:00:00 ; elapsed = 00:00:00.125 . Memory (MB): peak = 873.715 ; gain = 0.000

Phase 2.1.5 IO Placement/ Clock Placement/ Build Placer Device

Phase 2.1.5.1 Pre-Place Cells
Phase 2.1.5.1 Pre-Place Cells | Checksum: 6c06e94b

Time (s): cpu = 00:00:00 ; elapsed = 00:00:00.125 . Memory (MB): peak = 873.715 ; gain = 0.000
INFO: [Timing 38-35] Done setting XDC timing constraints.

Phase 2.1.5.2 IO & Clk Clean Up
Phase 2.1.5.2 IO & Clk Clean Up | Checksum: 6c06e94b

Time (s): cpu = 00:00:01 ; elapsed = 00:00:00.359 . Memory (MB): peak = 873.715 ; gain = 0.000

Phase 2.1.5.3 Implementation Feasibility check On IDelay
Phase 2.1.5.3 Implementation Feasibility check On IDelay | Checksum: 6c06e94b

Time (s): cpu = 00:00:01 ; elapsed = 00:00:00.359 . Memory (MB): peak = 873.715 ; gain = 0.000

Phase 2.1.5.4 Commit IO Placement
Phase 2.1.5.4 Commit IO Placement | Checksum: eb7b9273

Time (s): cpu = 00:00:01 ; elapsed = 00:00:00.359 . Memory (MB): peak = 873.715 ; gain = 0.000
Phase 2.1.5 IO Placement/ Clock Placement/ Build Placer Device | Checksum: 151938901

Time (s): cpu = 00:00:01 ; elapsed = 00:00:00.359 . Memory (MB): peak = 873.715 ; gain = 0.000

Phase 2.1.6 Build Placer Netlist Model

Phase 2.1.6.1 Place Init Design
Phase 2.1.6.1 Place Init Design | Checksum: 23b8e2307

Time (s): cpu = 00:00:01 ; elapsed = 00:00:00.406 . Memory (MB): peak = 873.715 ; gain = 0.000
Phase 2.1.6 Build Placer Netlist Model | Checksum: 23b8e2307

Time (s): cpu = 00:00:01 ; elapsed = 00:00:00.406 . Memory (MB): peak = 873.715 ; gain = 0.000

Phase 2.1.7 Constrain Clocks/Macros

Phase 2.1.7.1 Constrain Global/Regional Clocks
Phase 2.1.7.1 Constrain Global/Regional Clocks | Checksum: 23b8e2307

Time (s): cpu = 00:00:01 ; elapsed = 00:00:00.421 . Memory (MB): peak = 873.715 ; gain = 0.000
Phase 2.1.7 Constrain Clocks/Macros | Checksum: 23b8e2307

Time (s): cpu = 00:00:01 ; elapsed = 00:00:00.421 . Memory (MB): peak = 873.715 ; gain = 0.000
Phase 2.1 Placer Initialization Core | Checksum: 23b8e2307

Time (s): cpu = 00:00:01 ; elapsed = 00:00:00.421 . Memory (MB): peak = 873.715 ; gain = 0.000
Phase 2 Placer Initialization | Checksum: 23b8e2307

Time (s): cpu = 00:00:01 ; elapsed = 00:00:00.421 . Memory (MB): peak = 873.715 ; gain = 0.000

Phase 3 Global Placement
Phase 3 Global Placement | Checksum: 199d55a95

Time (s): cpu = 00:00:01 ; elapsed = 00:00:00.827 . Memory (MB): peak = 873.715 ; gain = 0.000

Phase 4 Detail Placement

Phase 4.1 Commit Multi Column Macros
Phase 4.1 Commit Multi Column Macros | Checksum: 199d55a95

Time (s): cpu = 00:00:01 ; elapsed = 00:00:00.827 . Memory (MB): peak = 873.715 ; gain = 0.000

Phase 4.2 Commit Most Macros & LUTRAMs
Phase 4.2 Commit Most Macros & LUTRAMs | Checksum: 13f8dc2e2

Time (s): cpu = 00:00:01 ; elapsed = 00:00:00.858 . Memory (MB): peak = 873.715 ; gain = 0.000

Phase 4.3 Area Swap Optimization
Phase 4.3 Area Swap Optimization | Checksum: 1a8e9b2ad

Time (s): cpu = 00:00:01 ; elapsed = 00:00:00.874 . Memory (MB): peak = 873.715 ; gain = 0.000

Phase 4.4 Commit Small Macros & Core Logic
Phase 4.4 Commit Small Macros & Core Logic | Checksum: 19fdc7dd9

Time (s): cpu = 00:00:02 ; elapsed = 00:00:01 . Memory (MB): peak = 875.469 ; gain = 1.754

Phase 4.5 Re-assign LUT pins
Phase 4.5 Re-assign LUT pins | Checksum: 19fdc7dd9

Time (s): cpu = 00:00:02 ; elapsed = 00:00:01 . Memory (MB): peak = 875.469 ; gain = 1.754
Phase 4 Detail Placement | Checksum: 19fdc7dd9

Time (s): cpu = 00:00:02 ; elapsed = 00:00:01 . Memory (MB): peak = 875.469 ; gain = 1.754

Phase 5 Post Placement Optimization and Clean-Up

Phase 5.1 PCOPT Shape updates
Phase 5.1 PCOPT Shape updates | Checksum: 1982e4249

Time (s): cpu = 00:00:02 ; elapsed = 00:00:01 . Memory (MB): peak = 875.469 ; gain = 1.754

Phase 5.2 Post Placement Cleanup
Phase 5.2 Post Placement Cleanup | Checksum: 1982e4249

Time (s): cpu = 00:00:02 ; elapsed = 00:00:01 . Memory (MB): peak = 875.469 ; gain = 1.754

Phase 5.3 Placer Reporting
Phase 5.3 Placer Reporting | Checksum: 1982e4249

Time (s): cpu = 00:00:02 ; elapsed = 00:00:01 . Memory (MB): peak = 875.469 ; gain = 1.754

Phase 5.4 Final Placement Cleanup
Phase 5.4 Final Placement Cleanup | Checksum: 1fcc2b97a

Time (s): cpu = 00:00:02 ; elapsed = 00:00:01 . Memory (MB): peak = 875.469 ; gain = 1.754
Phase 5 Post Placement Optimization and Clean-Up | Checksum: 1fcc2b97a

Time (s): cpu = 00:00:02 ; elapsed = 00:00:01 . Memory (MB): peak = 875.469 ; gain = 1.754
Ending Placer Task | Checksum: 160eca051

Time (s): cpu = 00:00:00 ; elapsed = 00:00:01 . Memory (MB): peak = 875.469 ; gain = 1.754
INFO: [Common 17-83] Releasing license: Implementation
29 Infos, 0 Warnings, 0 Critical Warnings and 0 Errors encountered.
place_design completed successfully
Writing XDEF routing.
Writing XDEF routing logical nets.
Writing XDEF routing special nets.
Write XDEF Complete: Time (s): cpu = 00:00:00 ; elapsed = 00:00:00.234 . Memory (MB): peak = 876.313 ; gain = 0.844
report_utilization: Time (s): cpu = 00:00:00 ; elapsed = 00:00:00.047 . Memory (MB): peak = 886.691 ; gain = 0.000
Command: route_design
Attempting to get a license for feature 'Implementation' and/or device 'xc7z020'
INFO: [Common 17-349] Got license for feature 'Implementation' and/or device 'xc7z020'
Running DRC as a precondition to command route_design
INFO: [Drc 23-27] Running DRC with 2 threads
INFO: [Vivado_Tcl 4-198] DRC finished with 0 Errors
INFO: [Vivado_Tcl 4-199] Please refer to the DRC report (report_drc) for more information.


Starting Routing Task
INFO: [Route 35-254] Multithreading enabled for route_design using a maximum of 2 CPUs

Starting Route Task

Phase 1 Build RT Design
Phase 1 Build RT Design | Checksum: 124b0ee72

Time (s): cpu = 00:00:33 ; elapsed = 00:00:30 . Memory (MB): peak = 1032.379 ; gain = 133.684

Phase 2 Router Initialization
INFO: [Route 35-64] No timing constraints were detected. The router will operate in resource-optimization mode.
 Number of Nodes with overlaps = 0
Phase 2 Router Initialization | Checksum: 171433c11

Time (s): cpu = 00:00:34 ; elapsed = 00:00:30 . Memory (MB): peak = 1048.879 ; gain = 150.184

Phase 3 Initial Routing
Phase 3 Initial Routing | Checksum: 14009d179

Time (s): cpu = 00:00:34 ; elapsed = 00:00:30 . Memory (MB): peak = 1048.879 ; gain = 150.184

Phase 4 Rip-up And Reroute

Phase 4.1 Global Iteration 0
 Number of Nodes with overlaps = 30
 Number of Nodes with overlaps = 1
 Number of Nodes with overlaps = 0
Phase 4.1 Global Iteration 0 | Checksum: 16b69590c

Time (s): cpu = 00:00:34 ; elapsed = 00:00:30 . Memory (MB): peak = 1048.879 ; gain = 150.184
Phase 4 Rip-up And Reroute | Checksum: 16b69590c

Time (s): cpu = 00:00:34 ; elapsed = 00:00:30 . Memory (MB): peak = 1048.879 ; gain = 150.184

Phase 5 Post Hold Fix
Phase 5 Post Hold Fix | Checksum: 16b69590c

Time (s): cpu = 00:00:34 ; elapsed = 00:00:30 . Memory (MB): peak = 1048.879 ; gain = 150.184

Phase 6 Route finalize

Router Utilization Summary
  Global Vertical Routing Utilization    = 0.0366573 %
  Global Horizontal Routing Utilization  = 0.0286511 %
  Routable Net Status*
  *Does not include unroutable nets such as driverless and loadless.
  Run report_route_status for detailed report.
  Number of Failed Nets               = 0
  Number of Unrouted Nets             = 0
  Number of Partially Routed Nets     = 0
  Number of Node Overlaps             = 0

Congestion Report
North Dir 1x1 Area, Max Cong = 10.8108%, No Congested Regions.
South Dir 1x1 Area, Max Cong = 12.6126%, No Congested Regions.
East Dir 1x1 Area, Max Cong = 19.1176%, No Congested Regions.
West Dir 1x1 Area, Max Cong = 13.2353%, No Congested Regions.
Phase 6 Route finalize | Checksum: 16b69590c

Time (s): cpu = 00:00:34 ; elapsed = 00:00:30 . Memory (MB): peak = 1048.879 ; gain = 150.184

Phase 7 Verifying routed nets

 Verification completed successfully
Phase 7 Verifying routed nets | Checksum: 16b69590c

Time (s): cpu = 00:00:34 ; elapsed = 00:00:30 . Memory (MB): peak = 1048.879 ; gain = 150.184

Phase 8 Depositing Routes
Phase 8 Depositing Routes | Checksum: ac28efc3

Time (s): cpu = 00:00:34 ; elapsed = 00:00:30 . Memory (MB): peak = 1048.879 ; gain = 150.184
INFO: [Route 35-16] Router Completed Successfully
Ending Route Task | Checksum: ac28efc3

Time (s): cpu = 00:00:00 ; elapsed = 00:00:30 . Memory (MB): peak = 1048.879 ; gain = 150.184

Routing Is Done.

Time (s): cpu = 00:00:00 ; elapsed = 00:00:30 . Memory (MB): peak = 1048.879 ; gain = 150.184
INFO: [Common 17-83] Releasing license: Implementation
37 Infos, 0 Warnings, 0 Critical Warnings and 0 Errors encountered.
route_design completed successfully
route_design: Time (s): cpu = 00:00:35 ; elapsed = 00:00:31 . Memory (MB): peak = 1048.879 ; gain = 162.188
Writing XDEF routing.
Writing XDEF routing logical nets.
Writing XDEF routing special nets.
Write XDEF Complete: Time (s): cpu = 00:00:00 ; elapsed = 00:00:00.249 . Memory (MB): peak = 1048.879 ; gain = 0.000
INFO: [Drc 23-27] Running DRC with 2 threads
INFO: [Coretcl 2-168] The results of DRC are in file Z:/Option ISIA/Wang-Smith/Nunchuck/Nunchuck.runs/impl_1/Nunchuck_drc_routed.rpt.
INFO: [Timing 38-91] UpdateTimingParams: Speed grade: -1, Delay Type: min_max, Constraints type: SDC.
INFO: [Timing 38-191] Multithreading enabled for timing update using a maximum of 2 CPUs
WARNING: [Power 33-232] No user defined clocks was found in the design!
Resolution: Please specify clocks using create_clock/create_generated_clock for sequential elements. For pure combinatorial circuits, please specify a virtual clock, otherwise the vectorless estimation might be inaccurate
Running Vector-less Activity Propagation...

Finished Running Vector-less Activity Propagation
Attempting to get a license for feature 'Implementation' and/or device 'xc7z020'
INFO: [Common 17-349] Got license for feature 'Implementation' and/or device 'xc7z020'
Running DRC as a precondition to command write_bitstream
INFO: [Drc 23-27] Running DRC with 2 threads
INFO: [Vivado 12-3199] DRC finished with 0 Errors, 2 Warnings
INFO: [Vivado 12-3200] Please refer to the DRC report (report_drc) for more information.
Loading data files...
Loading site data...
Loading route data...
Processing options...
Creating bitmap...
Creating bitstream...
Writing bitstream ./Nunchuck.bit...
INFO: [Vivado 12-1842] Bitgen Completed Successfully.
INFO: [Project 1-118] WebTalk data collection is enabled (User setting is ON. Install Setting is ON.).
INFO: [Common 17-185] WebTalk report has not been sent to Xilinx. Please check your network and proxy settings.
INFO: [Common 17-83] Releasing license: Implementation
write_bitstream: Time (s): cpu = 00:00:28 ; elapsed = 00:00:35 . Memory (MB): peak = 1378.090 ; gain = 325.125
INFO: [Common 17-206] Exiting Vivado at Mon Dec 01 17:38:34 2014...
