
*** Running vivado
    with args -log I2CController.vds -m64 -mode batch -messageDb vivado.pb -source I2CController.tcl


****** Vivado v2014.2 (64-bit)
  **** SW Build 932637 on Wed Jun 11 13:33:10 MDT 2014
  **** IP Build 924643 on Fri May 30 09:20:16 MDT 2014
    ** Copyright 1986-2014 Xilinx, Inc. All Rights Reserved.

source I2CController.tcl
# set_param gui.test TreeTableDev
# set_msg_config -id {HDL 9-1061} -limit 100000
# set_msg_config -id {HDL 9-1654} -limit 100000
# create_project -in_memory -part xc7z020clg484-1
# set_property target_language Verilog [current_project]
# set_property board_part em.avnet.com:zed:part0:1.0 [current_project]
# set_param project.compositeFile.enableAutoGeneration 0
# set_property default_lib xil_defaultlib [current_project]
# read_vhdl -library xil_defaultlib {
#   {Z:/Option ISIA/Wang-Smith/Nunchuck/Nunchuck.srcs/sources_1/new/SCLGenerator.vhd}
#   {Z:/Option ISIA/Wang-Smith/Nunchuck/Nunchuck.srcs/sources_1/new/FSMWrite.vhd}
#   {Z:/Option ISIA/Wang-Smith/Nunchuck/Nunchuck.srcs/sources_1/new/FSMRead.vhd}
#   {Z:/Option ISIA/Wang-Smith/Nunchuck/Nunchuck.srcs/sources_1/new/FSMI2C.vhd}
#   {Z:/Option ISIA/Wang-Smith/Nunchuck/Nunchuck.srcs/sources_1/new/FSMAddress.vhd}
#   {Z:/Option ISIA/Wang-Smith/Nunchuck/Nunchuck.srcs/sources_1/new/ClockGenerator.vhd}
#   {Z:/Option ISIA/Wang-Smith/Nunchuck/Nunchuck.srcs/sources_1/new/I2CController.vhd}
# }
# set_param synth.vivado.isSynthRun true
# set_property webtalk.parent_dir {Z:/Option ISIA/Wang-Smith/Nunchuck/Nunchuck.cache/wt} [current_project]
# set_property parent.project_dir {Z:/Option ISIA/Wang-Smith/Nunchuck} [current_project]
# catch { write_hwdef -file I2CController.hwdef }
INFO: [Vivado_Tcl 4-279] hardware handoff file cannot be generated as there is no block diagram instance in the design
# synth_design -top I2CController -part xc7z020clg484-1
Command: synth_design -top I2CController -part xc7z020clg484-1

Starting synthesis...

Attempting to get a license for feature 'Synthesis' and/or device 'xc7z020'
INFO: [Common 17-349] Got license for feature 'Synthesis' and/or device 'xc7z020'
---------------------------------------------------------------------------------
Starting Synthesize : Time (s): cpu = 00:00:04 ; elapsed = 00:00:07 . Memory (MB): peak = 228.266 ; gain = 97.152
---------------------------------------------------------------------------------
WARNING: [Synth 8-2040] formal port dataready of mode out cannot be associated with actual port dataready of mode in [Z:/Option ISIA/Wang-Smith/Nunchuck/Nunchuck.srcs/sources_1/new/I2CController.vhd:133]
ERROR: [Synth 8-1084] dataready with mode 'in' cannot be updated [Z:/Option ISIA/Wang-Smith/Nunchuck/Nunchuck.srcs/sources_1/new/I2CController.vhd:133]
INFO: [Synth 8-2810] unit behavioral ignored due to previous errors [Z:/Option ISIA/Wang-Smith/Nunchuck/Nunchuck.srcs/sources_1/new/I2CController.vhd:20]
---------------------------------------------------------------------------------
Finished Synthesize : Time (s): cpu = 00:00:05 ; elapsed = 00:00:09 . Memory (MB): peak = 260.207 ; gain = 129.094
---------------------------------------------------------------------------------
synthesize failed
    while executing
"rt::run_synthesis -module $rt::top"
    invoked from within
"if {$rt::useElabCache == false} {
      rt::run_synthesis -module $rt::top
    }"
    ("uplevel" body line 42)
    invoked from within
"uplevel #0 {
    set ::env(BUILTIN_SYNTH) true
    source $::env(HRT_TCL_PATH)/rtSynthPrep.tcl
    set rt::cmdEcho 0
    rt::set_parameter writeXmsg t..."
ERROR: [Common 17-39] 'source' failed due to earlier errors.
INFO: [Common 17-83] Releasing license: Synthesis
3 Infos, 1 Warnings, 0 Critical Warnings and 2 Errors encountered.
synth_design failed
ERROR: [Common 17-69] Command failed: Vivado Synthesis failed
ERROR: [Common 17-39] 'source' failed due to earlier errors.

    while executing
"source -notrace {./.Xil/Vivado-6088-D226-10/realtime\I2CController.tcl}"
    invoked from within
"synth_design -top I2CController -part xc7z020clg484-1"
    (file "I2CController.tcl" line 26)
INFO: [Common 17-206] Exiting Vivado at Fri Nov 28 14:07:05 2014...
